<?xml version="1.0" encoding="UTF-8"?>
<!-- Generated by org.testng.reporters.JUnitXMLReporter -->
<testsuite hostname="DESKTOP-G7980L0" failures="1" tests="3" name="Test" time="172.871" errors="0" timestamp="2 Jan 2022 14:06:26 GMT">
  <testcase classname="TestScripts.TC1" name="tc1" time="56.562"/>
  <testcase classname="TestScripts.TC2" name="tc2" time="43.63">
    <failure type="org.openqa.selenium.ElementClickInterceptedException" message="element click intercepted: Element &amp;lt;div aria-label=&amp;quot;Account&amp;quot; class=&amp;quot;oajrlxb2 qu0x051f esr5mh6w e9989ue4 r7d6kgcz nhd2j8a9 p7hjln8o kvgmc6g5 cxmmr5t8 oygrvhab hcukyx3x i1ao9s8h esuyzwwr f1sip0of abiwlrkh p8dawk7l lzcic4wl bp9cbjyn s45kfl79 emlxlaya bkmhp75w spb7xbtv rt8b4zig n8ej3o3l agehan2d sk4xxmp2 rq0escxv j83agx80 taijpn5t jb3vyjys rz4wbd8a qt6c0cv9 a8nywdso l9j0dhe7 qypqp5cg q676j6op tdjehn4e&amp;quot; role=&amp;quot;button&amp;quot; tabindex=&amp;quot;0&amp;quot;&amp;gt;...&amp;lt;/div&amp;gt; is not clickable at point (1483, 28). Other element would receive the click: &amp;lt;div class=&amp;quot;iqfcb0g7 tojvnm2t a6sixzi8 k5wvi7nf q3lfd5jv pk4s997a bipmatt0 cebpdrjk qowsmv63 owwhemhu dp1hu0rb dhp61c6y l9j0dhe7 iyyx5f41 a8s20v7p&amp;quot; tabindex=&amp;quot;-1&amp;quot;&amp;gt;...&amp;lt;/div&amp;gt;
  (Session info: chrome=87.0.4280.66)
Build info: version: &amp;apos;4.1.1&amp;apos;, revision: &amp;apos;e8fcc2cecf&amp;apos;
System info: host: &amp;apos;DESKTOP-G7980L0&amp;apos;, ip: &amp;apos;10.0.75.1&amp;apos;, os.name: &amp;apos;Windows 10&amp;apos;, os.arch: &amp;apos;amd64&amp;apos;, os.version: &amp;apos;10.0&amp;apos;, java.version: &amp;apos;13.0.2&amp;apos;
Driver info: org.openqa.selenium.chrome.ChromeDriver
Command: [d54e92a35b5c7b46ccb1668a68802b18, clickElement {id=ca87cba5-8f4d-450a-8daa-9f6b6f5bc580}]
Capabilities {acceptInsecureCerts: false, browserName: chrome, browserVersion: 87.0.4280.66, chrome: {chromedriverVersion: 87.0.4280.88 (89e2380a3e36c..., userDataDir: C:\Users\Ishan\AppData\Loca...}, goog:chromeOptions: {debuggerAddress: localhost:54892}, javascriptEnabled: true, networkConnectionEnabled: false, pageLoadStrategy: normal, platform: WINDOWS, platformName: WINDOWS, proxy: Proxy(), se:cdp: ws://localhost:54892/devtoo..., se:cdpVersion: 87.0.4280.66, setWindowRect: true, strictFileInteractability: false, timeouts: {implicit: 0, pageLoad: 300000, script: 30000}, unhandledPromptBehavior: dismiss and notify, webauthn:virtualAuthenticators: true}
Element: [[ChromeDriver: chrome on WINDOWS (d54e92a35b5c7b46ccb1668a68802b18)] -&amp;gt; xpath: //div[@aria-label =&amp;apos;Account&amp;apos;]]
Session ID: d54e92a35b5c7b46ccb1668a68802b18">
      <![CDATA[org.openqa.selenium.ElementClickInterceptedException: element click intercepted: Element <div aria-label="Account" class="oajrlxb2 qu0x051f esr5mh6w e9989ue4 r7d6kgcz nhd2j8a9 p7hjln8o kvgmc6g5 cxmmr5t8 oygrvhab hcukyx3x i1ao9s8h esuyzwwr f1sip0of abiwlrkh p8dawk7l lzcic4wl bp9cbjyn s45kfl79 emlxlaya bkmhp75w spb7xbtv rt8b4zig n8ej3o3l agehan2d sk4xxmp2 rq0escxv j83agx80 taijpn5t jb3vyjys rz4wbd8a qt6c0cv9 a8nywdso l9j0dhe7 qypqp5cg q676j6op tdjehn4e" role="button" tabindex="0">...</div> is not clickable at point (1483, 28). Other element would receive the click: <div class="iqfcb0g7 tojvnm2t a6sixzi8 k5wvi7nf q3lfd5jv pk4s997a bipmatt0 cebpdrjk qowsmv63 owwhemhu dp1hu0rb dhp61c6y l9j0dhe7 iyyx5f41 a8s20v7p" tabindex="-1">...</div>
  (Session info: chrome=87.0.4280.66)
Build info: version: '4.1.1', revision: 'e8fcc2cecf'
System info: host: 'DESKTOP-G7980L0', ip: '10.0.75.1', os.name: 'Windows 10', os.arch: 'amd64', os.version: '10.0', java.version: '13.0.2'
Driver info: org.openqa.selenium.chrome.ChromeDriver
Command: [d54e92a35b5c7b46ccb1668a68802b18, clickElement {id=ca87cba5-8f4d-450a-8daa-9f6b6f5bc580}]
Capabilities {acceptInsecureCerts: false, browserName: chrome, browserVersion: 87.0.4280.66, chrome: {chromedriverVersion: 87.0.4280.88 (89e2380a3e36c..., userDataDir: C:\Users\Ishan\AppData\Loca...}, goog:chromeOptions: {debuggerAddress: localhost:54892}, javascriptEnabled: true, networkConnectionEnabled: false, pageLoadStrategy: normal, platform: WINDOWS, platformName: WINDOWS, proxy: Proxy(), se:cdp: ws://localhost:54892/devtoo..., se:cdpVersion: 87.0.4280.66, setWindowRect: true, strictFileInteractability: false, timeouts: {implicit: 0, pageLoad: 300000, script: 30000}, unhandledPromptBehavior: dismiss and notify, webauthn:virtualAuthenticators: true}
Element: [[ChromeDriver: chrome on WINDOWS (d54e92a35b5c7b46ccb1668a68802b18)] -> xpath: //div[@aria-label ='Account']]
Session ID: d54e92a35b5c7b46ccb1668a68802b18
	at org.openqa.selenium.remote.codec.w3c.W3CHttpResponseCodec.createException(W3CHttpResponseCodec.java:200)
	at org.openqa.selenium.remote.codec.w3c.W3CHttpResponseCodec.decode(W3CHttpResponseCodec.java:133)
	at org.openqa.selenium.remote.codec.w3c.W3CHttpResponseCodec.decode(W3CHttpResponseCodec.java:53)
	at org.openqa.selenium.remote.HttpCommandExecutor.execute(HttpCommandExecutor.java:184)
	at org.openqa.selenium.remote.service.DriverCommandExecutor.invokeExecute(DriverCommandExecutor.java:167)
	at org.openqa.selenium.remote.service.DriverCommandExecutor.execute(DriverCommandExecutor.java:142)
	at org.openqa.selenium.remote.RemoteWebDriver.execute(RemoteWebDriver.java:543)
	at org.openqa.selenium.remote.RemoteWebElement.execute(RemoteWebElement.java:251)
	at org.openqa.selenium.remote.RemoteWebElement.click(RemoteWebElement.java:77)
	at TestScripts.TC2.tc2(TC2.java:23)
... Removed 29 stack frames]]>
    </failure>
  </testcase> <!-- tc2 -->
  <testcase classname="Maven_flow.flow.AppTest" name="shouldAnswerWithTrue" time="0.023"/>
</testsuite> <!-- Test -->
