<?xml version="1.0" encoding="UTF-8"?>
<testng-results total="1" passed="1" failed="0" skipped="0">
  <reporter-output>
  </reporter-output>
  <suite started-at="2022-01-02T15:14:20Z" name="Suite" finished-at="2022-01-02T15:15:33Z" duration-ms="72635">
    <groups>
    </groups>
    <test started-at="2022-01-02T15:14:20Z" name="Test" finished-at="2022-01-02T15:15:33Z" duration-ms="72635">
      <class name="TestScripts.TC1">
        <test-method is-config="true" signature="before()[pri:0, instance:TestScripts.TC1@1ed4ae0f]" started-at="2022-01-02T20:44:20Z" name="before" finished-at="2022-01-02T20:44:49Z" duration-ms="28298" status="PASS">
          <reporter-output>
          </reporter-output>
        </test-method> <!-- before -->
        <test-method signature="tc1()[pri:0, instance:TestScripts.TC1@1ed4ae0f]" started-at="2022-01-02T20:44:49Z" name="tc1" finished-at="2022-01-02T20:45:33Z" duration-ms="44322" status="PASS">
          <reporter-output>
          </reporter-output>
        </test-method> <!-- tc1 -->
        <test-method is-config="true" signature="after()[pri:0, instance:TestScripts.TC1@1ed4ae0f]" started-at="2022-01-02T20:45:33Z" name="after" finished-at="2022-01-02T20:45:33Z" duration-ms="1" status="PASS">
          <reporter-output>
          </reporter-output>
        </test-method> <!-- after -->
      </class> <!-- TestScripts.TC1 -->
    </test> <!-- Test -->
  </suite> <!-- Suite -->
</testng-results>
